CRITICAL - 2026-06-21 10:45:49 --> Error: Class "CodeIgniter\Services" not found
[Method: GET, Route: /]
in APPPATH\Config\Routes.php on line 11.
 1 SYSTEMPATH\Router\RouteCollection.php(339): require()
 2 SYSTEMPATH\CodeIgniter.php(818): CodeIgniter\Router\RouteCollection->loadRoutes()
 3 SYSTEMPATH\CodeIgniter.php(441): CodeIgniter\CodeIgniter->tryToRouteIt(null)
 4 SYSTEMPATH\CodeIgniter.php(340): CodeIgniter\CodeIgniter->handleRequest(null, Object(Config\Cache), false)
 5 SYSTEMPATH\Boot.php(417): CodeIgniter\CodeIgniter->run()
 6 SYSTEMPATH\Boot.php(68): CodeIgniter\Boot::runCodeIgniter(Object(CodeIgniter\CodeIgniter))
 7 FCPATH\index.php(59): CodeIgniter\Boot::bootWeb(Object(Config\Paths))
CRITICAL - 2026-06-21 10:50:57 --> Error: Class "CodeIgniter\Services" not found
[Method: GET, Route: seed-admin]
in APPPATH\Config\Routes.php on line 11.
 1 SYSTEMPATH\Router\RouteCollection.php(339): require()
 2 SYSTEMPATH\CodeIgniter.php(818): CodeIgniter\Router\RouteCollection->loadRoutes()
 3 SYSTEMPATH\CodeIgniter.php(441): CodeIgniter\CodeIgniter->tryToRouteIt(null)
 4 SYSTEMPATH\CodeIgniter.php(340): CodeIgniter\CodeIgniter->handleRequest(null, Object(Config\Cache), false)
 5 SYSTEMPATH\Boot.php(417): CodeIgniter\CodeIgniter->run()
 6 SYSTEMPATH\Boot.php(68): CodeIgniter\Boot::runCodeIgniter(Object(CodeIgniter\CodeIgniter))
 7 FCPATH\index.php(59): CodeIgniter\Boot::bootWeb(Object(Config\Paths))
CRITICAL - 2026-06-21 11:01:58 --> Error: Class "CodeIgniter\Services" not found
[Method: GET, Route: test]
in APPPATH\Config\Routes.php on line 11.
 1 SYSTEMPATH\Router\RouteCollection.php(339): require()
 2 SYSTEMPATH\CodeIgniter.php(818): CodeIgniter\Router\RouteCollection->loadRoutes()
 3 SYSTEMPATH\CodeIgniter.php(441): CodeIgniter\CodeIgniter->tryToRouteIt(null)
 4 SYSTEMPATH\CodeIgniter.php(340): CodeIgniter\CodeIgniter->handleRequest(null, Object(Config\Cache), false)
 5 SYSTEMPATH\Boot.php(417): CodeIgniter\CodeIgniter->run()
 6 SYSTEMPATH\Boot.php(68): CodeIgniter\Boot::runCodeIgniter(Object(CodeIgniter\CodeIgniter))
 7 FCPATH\index.php(59): CodeIgniter\Boot::bootWeb(Object(Config\Paths))
CRITICAL - 2026-06-21 11:03:53 --> Error: Class "Config\Database" not found
[Method: GET, Route: test]
in SYSTEMPATH\Debug\Toolbar\Collectors\Database.php on line 255.
 1 SYSTEMPATH\Debug\Toolbar\Collectors\Database.php(75): CodeIgniter\Debug\Toolbar\Collectors\Database->getConnections()
 2 SYSTEMPATH\Debug\Toolbar.php(67): CodeIgniter\Debug\Toolbar\Collectors\Database->__construct()
 3 SYSTEMPATH\Config\Services.php(805): CodeIgniter\Debug\Toolbar->__construct(Object(Config\Toolbar))
 4 SYSTEMPATH\Config\BaseService.php(325): CodeIgniter\Config\Services::toolbar(Object(Config\Toolbar), false)
 5 SYSTEMPATH\Config\BaseService.php(264): CodeIgniter\Config\BaseService::__callStatic('toolbar', [...])
 6 SYSTEMPATH\Config\Services.php(800): CodeIgniter\Config\BaseService::getSharedInstance('toolbar', null)
 7 SYSTEMPATH\Config\BaseService.php(334): CodeIgniter\Config\Services::toolbar()
 8 SYSTEMPATH\Config\BaseService.php(203): CodeIgniter\Config\BaseService::__callStatic('toolbar', [])
 9 SYSTEMPATH\Common.php(1078): CodeIgniter\Config\BaseService::get('toolbar')
10 APPPATH\Config\Events.php(47): service('toolbar')
11 SYSTEMPATH\Events\Events.php(152): CodeIgniter\Events\Events::Config\{closure}()
12 SYSTEMPATH\CodeIgniter.php(325): CodeIgniter\Events\Events::trigger('pre_system')
13 SYSTEMPATH\Boot.php(417): CodeIgniter\CodeIgniter->run()
14 SYSTEMPATH\Boot.php(68): CodeIgniter\Boot::runCodeIgniter(Object(CodeIgniter\CodeIgniter))
15 FCPATH\index.php(59): CodeIgniter\Boot::bootWeb(Object(Config\Paths))
CRITICAL - 2026-06-21 11:04:18 --> Error: Class "Config\Database" not found
[Method: GET, Route: seed-admin]
in SYSTEMPATH\Debug\Toolbar\Collectors\Database.php on line 255.
 1 SYSTEMPATH\Debug\Toolbar\Collectors\Database.php(75): CodeIgniter\Debug\Toolbar\Collectors\Database->getConnections()
 2 SYSTEMPATH\Debug\Toolbar.php(67): CodeIgniter\Debug\Toolbar\Collectors\Database->__construct()
 3 SYSTEMPATH\Config\Services.php(805): CodeIgniter\Debug\Toolbar->__construct(Object(Config\Toolbar))
 4 SYSTEMPATH\Config\BaseService.php(325): CodeIgniter\Config\Services::toolbar(Object(Config\Toolbar), false)
 5 SYSTEMPATH\Config\BaseService.php(264): CodeIgniter\Config\BaseService::__callStatic('toolbar', [...])
 6 SYSTEMPATH\Config\Services.php(800): CodeIgniter\Config\BaseService::getSharedInstance('toolbar', null)
 7 SYSTEMPATH\Config\BaseService.php(334): CodeIgniter\Config\Services::toolbar()
 8 SYSTEMPATH\Config\BaseService.php(203): CodeIgniter\Config\BaseService::__callStatic('toolbar', [])
 9 SYSTEMPATH\Common.php(1078): CodeIgniter\Config\BaseService::get('toolbar')
10 APPPATH\Config\Events.php(47): service('toolbar')
11 SYSTEMPATH\Events\Events.php(152): CodeIgniter\Events\Events::Config\{closure}()
12 SYSTEMPATH\CodeIgniter.php(325): CodeIgniter\Events\Events::trigger('pre_system')
13 SYSTEMPATH\Boot.php(417): CodeIgniter\CodeIgniter->run()
14 SYSTEMPATH\Boot.php(68): CodeIgniter\Boot::runCodeIgniter(Object(CodeIgniter\CodeIgniter))
15 FCPATH\index.php(59): CodeIgniter\Boot::bootWeb(Object(Config\Paths))
CRITICAL - 2026-06-21 11:06:47 --> Error: Class "CodeIgniter\Services" not found
[Method: GET, Route: test]
in APPPATH\Config\Routes.php on line 11.
 1 SYSTEMPATH\Router\RouteCollection.php(339): require()
 2 SYSTEMPATH\CodeIgniter.php(818): CodeIgniter\Router\RouteCollection->loadRoutes()
 3 SYSTEMPATH\CodeIgniter.php(441): CodeIgniter\CodeIgniter->tryToRouteIt(null)
 4 SYSTEMPATH\CodeIgniter.php(340): CodeIgniter\CodeIgniter->handleRequest(null, Object(Config\Cache), false)
 5 SYSTEMPATH\Boot.php(417): CodeIgniter\CodeIgniter->run()
 6 SYSTEMPATH\Boot.php(68): CodeIgniter\Boot::runCodeIgniter(Object(CodeIgniter\CodeIgniter))
 7 FCPATH\index.php(59): CodeIgniter\Boot::bootWeb(Object(Config\Paths))
CRITICAL - 2026-06-21 11:07:01 --> Error: Class "CodeIgniter\Services" not found
[Method: GET, Route: seed-admin]
in APPPATH\Config\Routes.php on line 11.
 1 SYSTEMPATH\Router\RouteCollection.php(339): require()
 2 SYSTEMPATH\CodeIgniter.php(818): CodeIgniter\Router\RouteCollection->loadRoutes()
 3 SYSTEMPATH\CodeIgniter.php(441): CodeIgniter\CodeIgniter->tryToRouteIt(null)
 4 SYSTEMPATH\CodeIgniter.php(340): CodeIgniter\CodeIgniter->handleRequest(null, Object(Config\Cache), false)
 5 SYSTEMPATH\Boot.php(417): CodeIgniter\CodeIgniter->run()
 6 SYSTEMPATH\Boot.php(68): CodeIgniter\Boot::runCodeIgniter(Object(CodeIgniter\CodeIgniter))
 7 FCPATH\index.php(59): CodeIgniter\Boot::bootWeb(Object(Config\Paths))
CRITICAL - 2026-06-21 11:09:02 --> Error: Class "App\Controllers\BaseController" not found
[Method: GET, Route: test]
in APPPATH\Controllers\Test.php on line 5.
 1 SYSTEMPATH\Autoloader\Autoloader.php(315): include_once()
 2 SYSTEMPATH\Autoloader\Autoloader.php(295): CodeIgniter\Autoloader\Autoloader->includeFile('C:\\xampp\\htdocs\\backend-api\\app\\Controllers\\Test.php')
 3 SYSTEMPATH\Autoloader\Autoloader.php(271): CodeIgniter\Autoloader\Autoloader->loadInNamespace('App\\Controllers\\Test')
 4 [internal function]: CodeIgniter\Autoloader\Autoloader->loadClass('App\\Controllers\\Test')
 5 SYSTEMPATH\Router\Router.php(792): class_exists('\\App\\Controllers\\Test')
 6 SYSTEMPATH\Router\Router.php(230): CodeIgniter\Router\Router->processRouteAttributes()
 7 SYSTEMPATH\CodeIgniter.php(829): CodeIgniter\Router\Router->handle('test')
 8 SYSTEMPATH\CodeIgniter.php(441): CodeIgniter\CodeIgniter->tryToRouteIt(Object(CodeIgniter\Router\RouteCollection))
 9 SYSTEMPATH\CodeIgniter.php(340): CodeIgniter\CodeIgniter->handleRequest(null, Object(Config\Cache), false)
10 SYSTEMPATH\Boot.php(417): CodeIgniter\CodeIgniter->run()
11 SYSTEMPATH\Boot.php(68): CodeIgniter\Boot::runCodeIgniter(Object(CodeIgniter\CodeIgniter))
12 FCPATH\index.php(59): CodeIgniter\Boot::bootWeb(Object(Config\Paths))
CRITICAL - 2026-06-21 11:09:05 --> Error: Class "App\Controllers\BaseController" not found
[Method: GET, Route: seed-admin]
in APPPATH\Controllers\Seed.php on line 8.
 1 SYSTEMPATH\Autoloader\Autoloader.php(315): include_once()
 2 SYSTEMPATH\Autoloader\Autoloader.php(295): CodeIgniter\Autoloader\Autoloader->includeFile('C:\\xampp\\htdocs\\backend-api\\app\\Controllers\\Seed.php')
 3 SYSTEMPATH\Autoloader\Autoloader.php(271): CodeIgniter\Autoloader\Autoloader->loadInNamespace('App\\Controllers\\Seed')
 4 [internal function]: CodeIgniter\Autoloader\Autoloader->loadClass('App\\Controllers\\Seed')
 5 SYSTEMPATH\Router\Router.php(792): class_exists('\\App\\Controllers\\Seed')
 6 SYSTEMPATH\Router\Router.php(230): CodeIgniter\Router\Router->processRouteAttributes()
 7 SYSTEMPATH\CodeIgniter.php(829): CodeIgniter\Router\Router->handle('seed-admin')
 8 SYSTEMPATH\CodeIgniter.php(441): CodeIgniter\CodeIgniter->tryToRouteIt(Object(CodeIgniter\Router\RouteCollection))
 9 SYSTEMPATH\CodeIgniter.php(340): CodeIgniter\CodeIgniter->handleRequest(null, Object(Config\Cache), false)
10 SYSTEMPATH\Boot.php(417): CodeIgniter\CodeIgniter->run()
11 SYSTEMPATH\Boot.php(68): CodeIgniter\Boot::runCodeIgniter(Object(CodeIgniter\CodeIgniter))
12 FCPATH\index.php(59): CodeIgniter\Boot::bootWeb(Object(Config\Paths))
CRITICAL - 2026-06-21 11:27:56 --> CodeIgniter\HTTP\Exceptions\HTTPException: Failed to parse JSON string. Error: Syntax error
[Method: POST, Route: login]
in SYSTEMPATH\HTTP\IncomingRequest.php on line 406.
 1 SYSTEMPATH\HTTP\IncomingRequest.php(406): CodeIgniter\HTTP\Exceptions\HTTPException::forInvalidJSON('Syntax error')
 2 APPPATH\Controllers\Auth.php(15): CodeIgniter\HTTP\IncomingRequest->getJSON(true)
 3 SYSTEMPATH\CodeIgniter.php(951): App\Controllers\Auth->login()
 4 SYSTEMPATH\CodeIgniter.php(497): CodeIgniter\CodeIgniter->runController(Object(App\Controllers\Auth))
 5 SYSTEMPATH\CodeIgniter.php(340): CodeIgniter\CodeIgniter->handleRequest(null, Object(Config\Cache), false)
 6 SYSTEMPATH\Boot.php(417): CodeIgniter\CodeIgniter->run()
 7 SYSTEMPATH\Boot.php(68): CodeIgniter\Boot::runCodeIgniter(Object(CodeIgniter\CodeIgniter))
 8 FCPATH\index.php(59): CodeIgniter\Boot::bootWeb(Object(Config\Paths))
